
> vibe-generated-app@1.0.0 dev
> vite


  VITE v5.4.20  ready in 310 ms

  ➜  Local:   http://localhost:3000/
  ➜  Network: http://172.20.6.233:3000/
12:36:53 PM [vite] Pre-transform error: [postcss] Cannot find module '/home/workspace/node_modules/postcss/lib/postcss.mjs' imported from /home/workspace/node_modules/vite/dist/node/chunks/dep-D_zLpgQd.js
Did you mean to import "postcss/lib/postcss.js"?
12:36:54 PM [vite] Internal server error: [postcss] [postcss] Cannot find module '/home/workspace/node_modules/postcss/lib/postcss.mjs' imported from /home/workspace/node_modules/vite/dist/node/chunks/dep-D_zLpgQd.js
Did you mean to import "postcss/lib/postcss.js"?
  Plugin: vite:css
  File: /home/workspace/src/index.css:undefined:NaN
      at finalizeResolution (node:internal/modules/esm/resolve:274:11)
      at moduleResolve (node:internal/modules/esm/resolve:864:10)
      at defaultResolve (node:internal/modules/esm/resolve:990:11)
      at #cachedDefaultResolve (node:internal/modules/esm/loader:768:20)
      at ModuleLoader.resolve (node:internal/modules/esm/loader:745:38)
      at ModuleLoader.getModuleJobForImport (node:internal/modules/esm/loader:318:38)
      at onImport.tracePromise.__proto__ (node:internal/modules/esm/loader:696:36)
      at TracingChannel.tracePromise (node:diagnostics_channel:344:14)
      at ModuleLoader.import (node:internal/modules/esm/loader:695:21)
      at defaultImportModuleDynamicallyForModule (node:internal/modules/esm/utils:229:31)
